<?xml version="1.0" encoding="UTF-8"?>
<!-- Generated by org.testng.reporters.JUnitXMLReporter -->
<testsuite ignored="0" hostname="DESKTOP-97VVJJ8" failures="1" tests="1" name="Test" time="0.06" errors="0" timestamp="2021-03-30T18:48:46 IST">
  <testcase classname="com.bs.base.BaseClass" name="@BeforeSuite cofig" time="0.09">
    <failure type="java.lang.NullPointerException">
      <![CDATA[java.lang.NullPointerException
at java.base/java.io.File.<init>(File.java:279)
at com.aventstack.extentreports.reporter.BasicFileReporter.init(BasicFileReporter.java:106)
at com.aventstack.extentreports.reporter.ExtentHtmlReporter.<init>(ExtentHtmlReporter.java:30)
at com.bs.utility.ExtentManager.setExtent(ExtentManager.java:18)
at com.bs.base.BaseClass.cofig(BaseClass.java:37)
... Removed 19 stack frames]]>
    </failure>
  </testcase> <!-- @BeforeSuite cofig -->
  <testcase classname="DragdropTest" name="@BeforeMethod launched" time="-1.617110326073E9">
    <skipped/>
  </testcase> <!-- @BeforeMethod launched -->
  <testcase classname="DragdropTest" name="drag" time="0.022">
    <failure type="java.lang.NullPointerException" message="Cannot invoke &amp;quot;com.aventstack.extentreports.ExtentReports.createTest(String)&amp;quot; because &amp;quot;com.bs.utility.ListenerClass.extent&amp;quot; is null">
      <![CDATA[java.lang.NullPointerException: Cannot invoke "com.aventstack.extentreports.ExtentReports.createTest(String)" because "com.bs.utility.ListenerClass.extent" is null
at com.bs.utility.ListenerClass.onTestStart(ListenerClass.java:27)
at java.base/java.util.ArrayList.forEach(ArrayList.java:1511)
... Removed 25 stack frames]]>
    </failure>
  </testcase> <!-- drag -->
</testsuite> <!-- Test -->
